2026-04-15 03:25:25,758 | INFO | Simulation started
2026-04-15 03:25:25,758 | INFO | === Episode 1 started ===
2026-04-15 03:25:25,758 | INFO | [Episode 1 | Step 0] State=Observation(position=(1, 1), available_actions=[0, 1, 2, 3, 4, 5, 6, 7]) Action=6
2026-04-15 03:25:25,758 | INFO | [Episode 1 | Step 0] New position=(0, 2)
2026-04-15 03:25:26,021 | INFO | [Episode 1 | Step 1] State=Observation(position=(0, 2), available_actions=[0, 1, 3, 5, 7]) Action=5
2026-04-15 03:25:26,021 | INFO | [Episode 1 | Step 1] New position=(1, 1)
2026-04-15 03:25:26,293 | INFO | [Episode 1 | Step 2] State=Observation(position=(1, 1), available_actions=[0, 1, 2, 3, 4, 5, 6, 7]) Action=6
2026-04-15 03:25:26,293 | INFO | [Episode 1 | Step 2] New position=(0, 2)
2026-04-15 03:25:26,550 | INFO | [Episode 1 | Step 3] State=Observation(position=(0, 2), available_actions=[0, 1, 3, 5, 7]) Action=5
2026-04-15 03:25:26,551 | INFO | [Episode 1 | Step 3] New position=(1, 1)
2026-04-15 03:25:26,813 | INFO | [Episode 1 | Step 4] State=Observation(position=(1, 1), available_actions=[0, 1, 2, 3, 4, 5, 6, 7]) Action=3
2026-04-15 03:25:26,814 | INFO | [Episode 1 | Step 4] New position=(2, 1)
2026-04-15 03:25:27,070 | INFO | [Episode 1 | Step 5] State=Observation(position=(2, 1), available_actions=[0, 1, 2, 3, 4, 5, 6, 7]) Action=7
2026-04-15 03:25:27,070 | INFO | [Episode 1 | Step 5] New position=(3, 2)
2026-04-15 03:25:27,332 | INFO | [Episode 1 | Step 6] State=Observation(position=(3, 2), available_actions=[0, 1, 2, 3, 4, 5, 6, 7]) Action=2
2026-04-15 03:25:27,333 | INFO | [Episode 1 | Step 6] New position=(2, 2)
2026-04-15 03:25:27,587 | INFO | [Episode 1 | Step 7] State=Observation(position=(2, 2), available_actions=[0, 1, 2, 3, 4, 5, 6, 7]) Action=5
2026-04-15 03:25:27,587 | INFO | [Episode 1 | Step 7] New position=(3, 1)
2026-04-15 03:25:27,856 | INFO | [Episode 1 | Step 8] State=Observation(position=(3, 1), available_actions=[0, 1, 2, 3, 4, 5, 6, 7]) Action=2
2026-04-15 03:25:27,856 | INFO | [Episode 1 | Step 8] New position=(2, 1)
2026-04-15 03:25:28,119 | INFO | [Episode 1 | Step 9] State=Observation(position=(2, 1), available_actions=[0, 1, 2, 3, 4, 5, 6, 7]) Action=3
2026-04-15 03:25:28,119 | INFO | [Episode 1 | Step 9] New position=(3, 1)
2026-04-15 03:25:28,377 | INFO | === Episode 1 finished ===
2026-04-15 03:25:28,377 | INFO | === Episode 2 started ===
2026-04-15 03:25:28,377 | INFO | [Episode 2 | Step 0] State=Observation(position=(1, 1), available_actions=[0, 1, 2, 3, 4, 5, 6, 7]) Action=7
2026-04-15 03:25:28,377 | INFO | [Episode 2 | Step 0] New position=(2, 2)
2026-04-15 03:25:28,626 | INFO | [Episode 2 | Step 1] State=Observation(position=(2, 2), available_actions=[0, 1, 2, 3, 4, 5, 6, 7]) Action=1
2026-04-15 03:25:28,626 | INFO | [Episode 2 | Step 1] New position=(2, 3)
2026-04-15 03:25:28,894 | INFO | [Episode 2 | Step 2] State=Observation(position=(2, 3), available_actions=[0, 1, 2, 3, 4, 5, 6, 7]) Action=3
2026-04-15 03:25:28,894 | INFO | [Episode 2 | Step 2] New position=(3, 3)
2026-04-15 03:25:29,159 | INFO | [Episode 2 | Step 3] State=Observation(position=(3, 3), available_actions=[0, 1, 2, 3, 4, 5, 6, 7]) Action=6
2026-04-15 03:25:29,160 | INFO | [Episode 2 | Step 3] New position=(2, 4)
2026-04-15 03:25:29,443 | INFO | [Episode 2 | Step 4] State=Observation(position=(2, 4), available_actions=[0, 1, 2, 3, 4, 5, 6, 7]) Action=7
2026-04-15 03:25:29,443 | INFO | [Episode 2 | Step 4] New position=(3, 5)
2026-04-15 03:25:29,714 | INFO | [Episode 2 | Step 5] State=Observation(position=(3, 5), available_actions=[0, 1, 2, 3, 4, 5, 6, 7]) Action=5
2026-04-15 03:25:29,714 | INFO | [Episode 2 | Step 5] New position=(4, 4)
2026-04-15 03:25:29,974 | INFO | [Episode 2 | Step 6] State=Observation(position=(4, 4), available_actions=[0, 1, 2, 3, 4, 5, 6, 7]) Action=3
2026-04-15 03:25:29,974 | INFO | [Episode 2 | Step 6] New position=(5, 4)
2026-04-15 03:25:30,243 | INFO | [Episode 2 | Step 7] State=Observation(position=(5, 4), available_actions=[0, 1, 2, 3, 4, 5, 6, 7]) Action=3
2026-04-15 03:25:30,243 | INFO | [Episode 2 | Step 7] New position=(6, 4)
2026-04-15 03:25:30,502 | INFO | [Episode 2 | Step 8] State=Observation(position=(6, 4), available_actions=[0, 1, 2, 3, 4, 5, 6, 7]) Action=3
2026-04-15 03:25:30,502 | INFO | [Episode 2 | Step 8] New position=(7, 4)
2026-04-15 03:25:30,753 | INFO | [Episode 2 | Step 9] State=Observation(position=(7, 4), available_actions=[0, 1, 2, 4, 6]) Action=1
2026-04-15 03:25:30,753 | INFO | [Episode 2 | Step 9] New position=(7, 5)
2026-04-15 03:25:31,026 | INFO | === Episode 2 finished ===
2026-04-15 03:25:42,194 | INFO | Simulation finished
03:25:53 | INFO | Simulation started
03:25:53 | INFO | === Episode 1 started ===
03:25:53 | DEBUG | [Episode 1 | Step 0] State=Observation(position=(1, 1), available_actions=[0, 1, 2, 3, 4, 5, 6, 7]) | Action=5
03:25:53 | INFO | [Ep 1 | Step 0] Position=(2, 0)
03:25:53 | DEBUG | [Episode 1 | Step 1] State=Observation(position=(2, 0), available_actions=[1, 2, 3, 6, 7]) | Action=2
03:25:53 | INFO | [Ep 1 | Step 1] Position=(1, 0)
03:25:53 | DEBUG | [Episode 1 | Step 2] State=Observation(position=(1, 0), available_actions=[1, 2, 3, 6, 7]) | Action=6
03:25:53 | INFO | [Ep 1 | Step 2] Position=(0, 1)
03:25:54 | DEBUG | [Episode 1 | Step 3] State=Observation(position=(0, 1), available_actions=[0, 1, 3, 5, 7]) | Action=7
03:25:54 | INFO | [Ep 1 | Step 3] Position=(1, 2)
03:25:54 | DEBUG | [Episode 1 | Step 4] State=Observation(position=(1, 2), available_actions=[0, 1, 2, 3, 4, 5, 6, 7]) | Action=7
03:25:54 | INFO | [Ep 1 | Step 4] Position=(2, 3)
03:25:54 | DEBUG | [Episode 1 | Step 5] State=Observation(position=(2, 3), available_actions=[0, 1, 2, 3, 4, 5, 6, 7]) | Action=6
03:25:54 | INFO | [Ep 1 | Step 5] Position=(1, 4)
03:25:55 | DEBUG | [Episode 1 | Step 6] State=Observation(position=(1, 4), available_actions=[0, 1, 2, 3, 4, 5, 6, 7]) | Action=4
03:25:55 | INFO | [Ep 1 | Step 6] Position=(0, 3)
03:25:55 | DEBUG | [Episode 1 | Step 7] State=Observation(position=(0, 3), available_actions=[0, 1, 3, 5, 7]) | Action=0
03:25:55 | INFO | [Ep 1 | Step 7] Position=(0, 2)
03:25:55 | DEBUG | [Episode 1 | Step 8] State=Observation(position=(0, 2), available_actions=[0, 1, 3, 5, 7]) | Action=1
03:25:55 | INFO | [Ep 1 | Step 8] Position=(0, 3)
03:25:55 | DEBUG | [Episode 1 | Step 9] State=Observation(position=(0, 3), available_actions=[0, 1, 3, 5, 7]) | Action=3
03:25:55 | INFO | [Ep 1 | Step 9] Position=(1, 3)
03:25:56 | INFO | === Episode 1 finished ===
03:25:56 | INFO | === Episode 2 started ===
03:25:56 | DEBUG | [Episode 2 | Step 0] State=Observation(position=(1, 1), available_actions=[0, 1, 2, 3, 4, 5, 6, 7]) | Action=0
03:25:56 | INFO | [Ep 2 | Step 0] Position=(1, 0)
03:25:56 | DEBUG | [Episode 2 | Step 1] State=Observation(position=(1, 0), available_actions=[1, 2, 3, 6, 7]) | Action=6
03:25:56 | INFO | [Ep 2 | Step 1] Position=(0, 1)
03:25:56 | DEBUG | [Episode 2 | Step 2] State=Observation(position=(0, 1), available_actions=[0, 1, 3, 5, 7]) | Action=3
03:25:56 | INFO | [Ep 2 | Step 2] Position=(1, 1)
03:25:56 | DEBUG | [Episode 2 | Step 3] State=Observation(position=(1, 1), available_actions=[0, 1, 2, 3, 4, 5, 6, 7]) | Action=3
03:25:56 | INFO | [Ep 2 | Step 3] Position=(2, 1)
03:25:57 | DEBUG | [Episode 2 | Step 4] State=Observation(position=(2, 1), available_actions=[0, 1, 2, 3, 4, 5, 6, 7]) | Action=2
03:25:57 | INFO | [Ep 2 | Step 4] Position=(1, 1)
03:25:57 | DEBUG | [Episode 2 | Step 5] State=Observation(position=(1, 1), available_actions=[0, 1, 2, 3, 4, 5, 6, 7]) | Action=1
03:25:57 | INFO | [Ep 2 | Step 5] Position=(1, 2)
03:25:57 | DEBUG | [Episode 2 | Step 6] State=Observation(position=(1, 2), available_actions=[0, 1, 2, 3, 4, 5, 6, 7]) | Action=0
03:25:57 | INFO | [Ep 2 | Step 6] Position=(1, 1)
03:25:57 | DEBUG | [Episode 2 | Step 7] State=Observation(position=(1, 1), available_actions=[0, 1, 2, 3, 4, 5, 6, 7]) | Action=3
03:25:57 | INFO | [Ep 2 | Step 7] Position=(2, 1)
03:25:58 | DEBUG | [Episode 2 | Step 8] State=Observation(position=(2, 1), available_actions=[0, 1, 2, 3, 4, 5, 6, 7]) | Action=6
03:25:58 | INFO | [Ep 2 | Step 8] Position=(1, 2)
03:25:58 | DEBUG | [Episode 2 | Step 9] State=Observation(position=(1, 2), available_actions=[0, 1, 2, 3, 4, 5, 6, 7]) | Action=0
03:25:58 | INFO | [Ep 2 | Step 9] Position=(1, 1)
03:25:58 | INFO | === Episode 2 finished ===
03:26:00 | INFO | Simulation finished
03:26:29 | INFO | Simulation started
03:26:29 | INFO | === Episode 1 started ===
03:26:29 | DEBUG | [Episode 1 | Step 0] State=Observation(position=(1, 1), available_actions=[0, 1, 2, 3, 4, 5, 6, 7]) | Action=4
03:26:29 | INFO | [Ep 1 | Step 0] Position=(0, 0)
03:26:30 | DEBUG | [Episode 1 | Step 1] State=Observation(position=(0, 0), available_actions=[1, 3, 7]) | Action=1
03:26:30 | INFO | [Ep 1 | Step 1] Position=(0, 1)
03:26:30 | DEBUG | [Episode 1 | Step 2] State=Observation(position=(0, 1), available_actions=[0, 1, 3, 5, 7]) | Action=7
03:26:30 | INFO | [Ep 1 | Step 2] Position=(1, 2)
03:26:30 | DEBUG | [Episode 1 | Step 3] State=Observation(position=(1, 2), available_actions=[0, 1, 2, 3, 4, 5, 6, 7]) | Action=4
03:26:30 | INFO | [Ep 1 | Step 3] Position=(0, 1)
03:26:31 | DEBUG | [Episode 1 | Step 4] State=Observation(position=(0, 1), available_actions=[0, 1, 3, 5, 7]) | Action=7
03:26:31 | INFO | [Ep 1 | Step 4] Position=(1, 2)
03:26:31 | DEBUG | [Episode 1 | Step 5] State=Observation(position=(1, 2), available_actions=[0, 1, 2, 3, 4, 5, 6, 7]) | Action=1
03:26:31 | INFO | [Ep 1 | Step 5] Position=(1, 3)
03:26:31 | DEBUG | [Episode 1 | Step 6] State=Observation(position=(1, 3), available_actions=[0, 1, 2, 3, 4, 5, 6, 7]) | Action=6
03:26:31 | INFO | [Ep 1 | Step 6] Position=(0, 4)
03:26:31 | DEBUG | [Episode 1 | Step 7] State=Observation(position=(0, 4), available_actions=[0, 1, 3, 5, 7]) | Action=7
03:26:31 | INFO | [Ep 1 | Step 7] Position=(1, 5)
03:26:32 | DEBUG | [Episode 1 | Step 8] State=Observation(position=(1, 5), available_actions=[0, 1, 2, 3, 4, 5, 6, 7]) | Action=7
03:26:32 | INFO | [Ep 1 | Step 8] Position=(2, 6)
03:26:32 | DEBUG | [Episode 1 | Step 9] State=Observation(position=(2, 6), available_actions=[0, 1, 2, 3, 4, 5, 6, 7]) | Action=5
03:26:32 | INFO | [Ep 1 | Step 9] Position=(3, 5)
03:26:32 | INFO | === Episode 1 finished ===
03:26:32 | INFO | === Episode 2 started ===
03:26:32 | DEBUG | [Episode 2 | Step 0] State=Observation(position=(1, 1), available_actions=[0, 1, 2, 3, 4, 5, 6, 7]) | Action=1
03:26:32 | INFO | [Ep 2 | Step 0] Position=(1, 2)
03:26:32 | DEBUG | [Episode 2 | Step 1] State=Observation(position=(1, 2), available_actions=[0, 1, 2, 3, 4, 5, 6, 7]) | Action=7
03:26:32 | INFO | [Ep 2 | Step 1] Position=(2, 3)
03:26:33 | DEBUG | [Episode 2 | Step 2] State=Observation(position=(2, 3), available_actions=[0, 1, 2, 3, 4, 5, 6, 7]) | Action=2
03:26:33 | INFO | [Ep 2 | Step 2] Position=(1, 3)
03:26:33 | DEBUG | [Episode 2 | Step 3] State=Observation(position=(1, 3), available_actions=[0, 1, 2, 3, 4, 5, 6, 7]) | Action=7
03:26:33 | INFO | [Ep 2 | Step 3] Position=(2, 4)
03:26:33 | DEBUG | [Episode 2 | Step 4] State=Observation(position=(2, 4), available_actions=[0, 1, 2, 3, 4, 5, 6, 7]) | Action=3
03:26:33 | INFO | [Ep 2 | Step 4] Position=(3, 4)
03:26:33 | DEBUG | [Episode 2 | Step 5] State=Observation(position=(3, 4), available_actions=[0, 1, 2, 3, 4, 5, 6, 7]) | Action=3
03:26:33 | INFO | [Ep 2 | Step 5] Position=(4, 4)
03:26:34 | DEBUG | [Episode 2 | Step 6] State=Observation(position=(4, 4), available_actions=[0, 1, 2, 3, 4, 5, 6, 7]) | Action=7
03:26:34 | INFO | [Ep 2 | Step 6] Position=(5, 5)
03:26:34 | DEBUG | [Episode 2 | Step 7] State=Observation(position=(5, 5), available_actions=[0, 1, 2, 3, 4, 5, 6, 7]) | Action=7
03:26:34 | INFO | [Ep 2 | Step 7] Position=(6, 6)
03:26:34 | DEBUG | [Episode 2 | Step 8] State=Observation(position=(6, 6), available_actions=[0, 1, 2, 3, 4, 5, 6, 7]) | Action=2
03:26:34 | INFO | [Ep 2 | Step 8] Position=(5, 6)
03:26:34 | DEBUG | [Episode 2 | Step 9] State=Observation(position=(5, 6), available_actions=[0, 1, 2, 3, 4, 5, 6, 7]) | Action=1
03:26:34 | INFO | [Ep 2 | Step 9] Position=(5, 7)
03:26:35 | INFO | === Episode 2 finished ===
03:26:40 | INFO | Simulation finished
03:30:29 | INFO | Simulation started
03:30:29 | INFO | === Episode 1 started ===
03:30:29 | DEBUG | [Episode 1 | Step 0] State=Observation(position=(1, 1), available_actions=[0, 1, 2, 3, 4, 5, 6, 7]) | Action=3
03:30:29 | INFO | [Ep 1 | Step 0] Position=(2, 1)
03:30:29 | DEBUG | [Episode 1 | Step 1] State=Observation(position=(2, 1), available_actions=[0, 1, 2, 3, 4, 5, 6, 7]) | Action=1
03:30:29 | INFO | [Ep 1 | Step 1] Position=(2, 2)
03:30:29 | DEBUG | [Episode 1 | Step 2] State=Observation(position=(2, 2), available_actions=[0, 1, 2, 3, 4, 5, 6, 7]) | Action=0
03:30:29 | INFO | [Ep 1 | Step 2] Position=(2, 1)
03:30:29 | DEBUG | [Episode 1 | Step 3] State=Observation(position=(2, 1), available_actions=[0, 1, 2, 3, 4, 5, 6, 7]) | Action=2
03:30:29 | INFO | [Ep 1 | Step 3] Position=(1, 1)
03:30:30 | DEBUG | [Episode 1 | Step 4] State=Observation(position=(1, 1), available_actions=[0, 1, 2, 3, 4, 5, 6, 7]) | Action=4
03:30:30 | INFO | [Ep 1 | Step 4] Position=(0, 0)
03:30:30 | DEBUG | [Episode 1 | Step 5] State=Observation(position=(0, 0), available_actions=[1, 3, 7]) | Action=3
03:30:30 | INFO | [Ep 1 | Step 5] Position=(1, 0)
03:30:30 | DEBUG | [Episode 1 | Step 6] State=Observation(position=(1, 0), available_actions=[1, 2, 3, 6, 7]) | Action=7
03:30:30 | INFO | [Ep 1 | Step 6] Position=(2, 1)
03:30:31 | DEBUG | [Episode 1 | Step 7] State=Observation(position=(2, 1), available_actions=[0, 1, 2, 3, 4, 5, 6, 7]) | Action=3
03:30:31 | INFO | [Ep 1 | Step 7] Position=(3, 1)
03:30:31 | DEBUG | [Episode 1 | Step 8] State=Observation(position=(3, 1), available_actions=[0, 1, 2, 3, 4, 5, 6, 7]) | Action=4
03:30:31 | INFO | [Ep 1 | Step 8] Position=(2, 0)
03:30:31 | DEBUG | [Episode 1 | Step 9] State=Observation(position=(2, 0), available_actions=[1, 2, 3, 6, 7]) | Action=2
03:30:31 | INFO | [Ep 1 | Step 9] Position=(1, 0)
03:30:31 | INFO | === Episode 1 finished ===
03:30:33 | INFO | Simulation finished
03:32:03 | INFO | Simulation started
03:32:03 | INFO | === Episode 1 started ===
03:32:03 | DEBUG | [Episode 1 | Step 0] State=Observation(position=(1, 1), available_actions=[0, 1, 2, 3, 4, 5, 6, 7]) | Action=3
03:32:03 | INFO | [Ep 1 | Step 0] Position=(2, 1)
03:32:03 | DEBUG | [Episode 1 | Step 1] State=Observation(position=(2, 1), available_actions=[0, 1, 2, 3, 4, 5, 6, 7]) | Action=1
03:32:03 | INFO | [Ep 1 | Step 1] Position=(2, 2)
03:32:03 | DEBUG | [Episode 1 | Step 2] State=Observation(position=(2, 2), available_actions=[0, 1, 2, 3, 4, 5, 6, 7]) | Action=4
03:32:03 | INFO | [Ep 1 | Step 2] Position=(1, 1)
03:32:03 | DEBUG | [Episode 1 | Step 3] State=Observation(position=(1, 1), available_actions=[0, 1, 2, 3, 4, 5, 6, 7]) | Action=2
03:32:03 | INFO | [Ep 1 | Step 3] Position=(0, 1)
03:32:04 | DEBUG | [Episode 1 | Step 4] State=Observation(position=(0, 1), available_actions=[0, 1, 3, 5, 7]) | Action=0
03:32:04 | INFO | [Ep 1 | Step 4] Position=(0, 0)
03:32:04 | DEBUG | [Episode 1 | Step 5] State=Observation(position=(0, 0), available_actions=[1, 3, 7]) | Action=7
03:32:04 | INFO | [Ep 1 | Step 5] Position=(1, 1)
03:32:04 | DEBUG | [Episode 1 | Step 6] State=Observation(position=(1, 1), available_actions=[0, 1, 2, 3, 4, 5, 6, 7]) | Action=7
03:32:04 | INFO | [Ep 1 | Step 6] Position=(2, 2)
03:32:05 | DEBUG | [Episode 1 | Step 7] State=Observation(position=(2, 2), available_actions=[0, 1, 2, 3, 4, 5, 6, 7]) | Action=0
03:32:05 | INFO | [Ep 1 | Step 7] Position=(2, 1)
03:32:05 | DEBUG | [Episode 1 | Step 8] State=Observation(position=(2, 1), available_actions=[0, 1, 2, 3, 4, 5, 6, 7]) | Action=0
03:32:05 | INFO | [Ep 1 | Step 8] Position=(2, 0)
03:32:05 | DEBUG | [Episode 1 | Step 9] State=Observation(position=(2, 0), available_actions=[1, 2, 3, 6, 7]) | Action=2
03:32:05 | INFO | [Ep 1 | Step 9] Position=(1, 0)
03:32:05 | INFO | === Episode 1 finished ===
03:32:05 | INFO | === Episode 2 started ===
03:32:05 | DEBUG | [Episode 2 | Step 0] State=Observation(position=(1, 1), available_actions=[0, 1, 2, 3, 4, 5, 6, 7]) | Action=0
03:32:05 | INFO | [Ep 2 | Step 0] Position=(1, 0)
03:32:06 | DEBUG | [Episode 2 | Step 1] State=Observation(position=(1, 0), available_actions=[1, 2, 3, 6, 7]) | Action=1
03:32:06 | INFO | [Ep 2 | Step 1] Position=(1, 1)
03:32:06 | DEBUG | [Episode 2 | Step 2] State=Observation(position=(1, 1), available_actions=[0, 1, 2, 3, 4, 5, 6, 7]) | Action=7
03:32:06 | INFO | [Ep 2 | Step 2] Position=(2, 2)
03:32:06 | DEBUG | [Episode 2 | Step 3] State=Observation(position=(2, 2), available_actions=[0, 1, 2, 3, 4, 5, 6, 7]) | Action=0
03:32:06 | INFO | [Ep 2 | Step 3] Position=(2, 1)
03:32:06 | DEBUG | [Episode 2 | Step 4] State=Observation(position=(2, 1), available_actions=[0, 1, 2, 3, 4, 5, 6, 7]) | Action=1
03:32:06 | INFO | [Ep 2 | Step 4] Position=(2, 2)
03:32:07 | DEBUG | [Episode 2 | Step 5] State=Observation(position=(2, 2), available_actions=[0, 1, 2, 3, 4, 5, 6, 7]) | Action=5
03:32:07 | INFO | [Ep 2 | Step 5] Position=(3, 1)
03:32:07 | DEBUG | [Episode 2 | Step 6] State=Observation(position=(3, 1), available_actions=[0, 1, 2, 3, 4, 5, 6, 7]) | Action=4
03:32:07 | INFO | [Ep 2 | Step 6] Position=(2, 0)
03:32:07 | DEBUG | [Episode 2 | Step 7] State=Observation(position=(2, 0), available_actions=[1, 2, 3, 6, 7]) | Action=6
03:32:07 | INFO | [Ep 2 | Step 7] Position=(1, 1)
03:32:07 | DEBUG | [Episode 2 | Step 8] State=Observation(position=(1, 1), available_actions=[0, 1, 2, 3, 4, 5, 6, 7]) | Action=0
03:32:07 | INFO | [Ep 2 | Step 8] Position=(1, 0)
03:32:08 | DEBUG | [Episode 2 | Step 9] State=Observation(position=(1, 0), available_actions=[1, 2, 3, 6, 7]) | Action=1
03:32:08 | INFO | [Ep 2 | Step 9] Position=(1, 1)
03:32:08 | INFO | === Episode 2 finished ===
03:32:08 | INFO | === Episode 3 started ===
03:32:08 | DEBUG | [Episode 3 | Step 0] State=Observation(position=(1, 1), available_actions=[0, 1, 2, 3, 4, 5, 6, 7]) | Action=4
03:32:08 | INFO | [Ep 3 | Step 0] Position=(0, 0)
03:32:08 | DEBUG | [Episode 3 | Step 1] State=Observation(position=(0, 0), available_actions=[1, 3, 7]) | Action=7
03:32:08 | INFO | [Ep 3 | Step 1] Position=(1, 1)
03:32:08 | DEBUG | [Episode 3 | Step 2] State=Observation(position=(1, 1), available_actions=[0, 1, 2, 3, 4, 5, 6, 7]) | Action=0
03:32:08 | INFO | [Ep 3 | Step 2] Position=(1, 0)
03:32:09 | DEBUG | [Episode 3 | Step 3] State=Observation(position=(1, 0), available_actions=[1, 2, 3, 6, 7]) | Action=7
03:32:09 | INFO | [Ep 3 | Step 3] Position=(2, 1)
03:32:09 | DEBUG | [Episode 3 | Step 4] State=Observation(position=(2, 1), available_actions=[0, 1, 2, 3, 4, 5, 6, 7]) | Action=1
03:32:09 | INFO | [Ep 3 | Step 4] Position=(2, 2)
03:32:09 | DEBUG | [Episode 3 | Step 5] State=Observation(position=(2, 2), available_actions=[0, 1, 2, 3, 4, 5, 6, 7]) | Action=5
03:32:09 | INFO | [Ep 3 | Step 5] Position=(3, 1)
03:32:10 | DEBUG | [Episode 3 | Step 6] State=Observation(position=(3, 1), available_actions=[0, 1, 2, 3, 4, 5, 6, 7]) | Action=3
03:32:10 | INFO | [Ep 3 | Step 6] Position=(4, 1)
03:32:10 | DEBUG | [Episode 3 | Step 7] State=Observation(position=(4, 1), available_actions=[0, 1, 2, 3, 4, 5, 6, 7]) | Action=7
03:32:10 | INFO | [Ep 3 | Step 7] Position=(5, 2)
03:32:10 | DEBUG | [Episode 3 | Step 8] State=Observation(position=(5, 2), available_actions=[0, 1, 2, 3, 4, 5, 6, 7]) | Action=1
03:32:10 | INFO | [Ep 3 | Step 8] Position=(5, 3)
03:32:10 | DEBUG | [Episode 3 | Step 9] State=Observation(position=(5, 3), available_actions=[0, 1, 2, 3, 4, 5, 6, 7]) | Action=5
03:32:10 | INFO | [Ep 3 | Step 9] Position=(6, 2)
03:32:11 | INFO | === Episode 3 finished ===
03:32:11 | INFO | === Episode 4 started ===
03:32:11 | DEBUG | [Episode 4 | Step 0] State=Observation(position=(1, 1), available_actions=[0, 1, 2, 3, 4, 5, 6, 7]) | Action=6
03:32:11 | INFO | [Ep 4 | Step 0] Position=(0, 2)
03:32:11 | DEBUG | [Episode 4 | Step 1] State=Observation(position=(0, 2), available_actions=[0, 1, 3, 5, 7]) | Action=0
03:32:11 | INFO | [Ep 4 | Step 1] Position=(0, 1)
03:32:11 | DEBUG | [Episode 4 | Step 2] State=Observation(position=(0, 1), available_actions=[0, 1, 3, 5, 7]) | Action=0
03:32:11 | INFO | [Ep 4 | Step 2] Position=(0, 0)
03:32:11 | DEBUG | [Episode 4 | Step 3] State=Observation(position=(0, 0), available_actions=[1, 3, 7]) | Action=7
03:32:11 | INFO | [Ep 4 | Step 3] Position=(1, 1)
03:32:12 | DEBUG | [Episode 4 | Step 4] State=Observation(position=(1, 1), available_actions=[0, 1, 2, 3, 4, 5, 6, 7]) | Action=2
03:32:12 | INFO | [Ep 4 | Step 4] Position=(0, 1)
03:32:12 | DEBUG | [Episode 4 | Step 5] State=Observation(position=(0, 1), available_actions=[0, 1, 3, 5, 7]) | Action=5
03:32:12 | INFO | [Ep 4 | Step 5] Position=(1, 0)
03:32:12 | DEBUG | [Episode 4 | Step 6] State=Observation(position=(1, 0), available_actions=[1, 2, 3, 6, 7]) | Action=6
03:32:12 | INFO | [Ep 4 | Step 6] Position=(0, 1)
03:32:12 | DEBUG | [Episode 4 | Step 7] State=Observation(position=(0, 1), available_actions=[0, 1, 3, 5, 7]) | Action=3
03:32:12 | INFO | [Ep 4 | Step 7] Position=(1, 1)
03:32:13 | DEBUG | [Episode 4 | Step 8] State=Observation(position=(1, 1), available_actions=[0, 1, 2, 3, 4, 5, 6, 7]) | Action=7
03:32:13 | INFO | [Ep 4 | Step 8] Position=(2, 2)
03:32:13 | DEBUG | [Episode 4 | Step 9] State=Observation(position=(2, 2), available_actions=[0, 1, 2, 3, 4, 5, 6, 7]) | Action=1
03:32:13 | INFO | [Ep 4 | Step 9] Position=(2, 3)
03:32:13 | INFO | === Episode 4 finished ===
03:32:13 | INFO | === Episode 5 started ===
03:32:13 | DEBUG | [Episode 5 | Step 0] State=Observation(position=(1, 1), available_actions=[0, 1, 2, 3, 4, 5, 6, 7]) | Action=5
03:32:13 | INFO | [Ep 5 | Step 0] Position=(2, 0)
03:32:13 | DEBUG | [Episode 5 | Step 1] State=Observation(position=(2, 0), available_actions=[1, 2, 3, 6, 7]) | Action=6
03:32:13 | INFO | [Ep 5 | Step 1] Position=(1, 1)
03:32:14 | DEBUG | [Episode 5 | Step 2] State=Observation(position=(1, 1), available_actions=[0, 1, 2, 3, 4, 5, 6, 7]) | Action=1
03:32:14 | INFO | [Ep 5 | Step 2] Position=(1, 2)
03:32:14 | DEBUG | [Episode 5 | Step 3] State=Observation(position=(1, 2), available_actions=[0, 1, 2, 3, 4, 5, 6, 7]) | Action=1
03:32:14 | INFO | [Ep 5 | Step 3] Position=(1, 3)
03:32:14 | DEBUG | [Episode 5 | Step 4] State=Observation(position=(1, 3), available_actions=[0, 1, 2, 3, 4, 5, 6, 7]) | Action=7
03:32:14 | INFO | [Ep 5 | Step 4] Position=(2, 4)
03:32:15 | DEBUG | [Episode 5 | Step 5] State=Observation(position=(2, 4), available_actions=[0, 1, 2, 3, 4, 5, 6, 7]) | Action=0
03:32:15 | INFO | [Ep 5 | Step 5] Position=(2, 3)
03:32:15 | DEBUG | [Episode 5 | Step 6] State=Observation(position=(2, 3), available_actions=[0, 1, 2, 3, 4, 5, 6, 7]) | Action=5
03:32:15 | INFO | [Ep 5 | Step 6] Position=(3, 2)
03:32:15 | DEBUG | [Episode 5 | Step 7] State=Observation(position=(3, 2), available_actions=[0, 1, 2, 3, 4, 5, 6, 7]) | Action=4
03:32:15 | INFO | [Ep 5 | Step 7] Position=(2, 1)
03:32:15 | DEBUG | [Episode 5 | Step 8] State=Observation(position=(2, 1), available_actions=[0, 1, 2, 3, 4, 5, 6, 7]) | Action=3
03:32:15 | INFO | [Ep 5 | Step 8] Position=(3, 1)
03:32:16 | DEBUG | [Episode 5 | Step 9] State=Observation(position=(3, 1), available_actions=[0, 1, 2, 3, 4, 5, 6, 7]) | Action=3
03:32:16 | INFO | [Ep 5 | Step 9] Position=(4, 1)
03:32:16 | INFO | === Episode 5 finished ===
03:32:16 | INFO | === Episode 6 started ===
03:32:16 | DEBUG | [Episode 6 | Step 0] State=Observation(position=(1, 1), available_actions=[0, 1, 2, 3, 4, 5, 6, 7]) | Action=2
03:32:16 | INFO | [Ep 6 | Step 0] Position=(0, 1)
03:32:16 | DEBUG | [Episode 6 | Step 1] State=Observation(position=(0, 1), available_actions=[0, 1, 3, 5, 7]) | Action=7
03:32:16 | INFO | [Ep 6 | Step 1] Position=(1, 2)
03:32:16 | DEBUG | [Episode 6 | Step 2] State=Observation(position=(1, 2), available_actions=[0, 1, 2, 3, 4, 5, 6, 7]) | Action=0
03:32:16 | INFO | [Ep 6 | Step 2] Position=(1, 1)
03:32:17 | DEBUG | [Episode 6 | Step 3] State=Observation(position=(1, 1), available_actions=[0, 1, 2, 3, 4, 5, 6, 7]) | Action=7
03:32:17 | INFO | [Ep 6 | Step 3] Position=(2, 2)
03:32:17 | DEBUG | [Episode 6 | Step 4] State=Observation(position=(2, 2), available_actions=[0, 1, 2, 3, 4, 5, 6, 7]) | Action=7
03:32:17 | INFO | [Ep 6 | Step 4] Position=(3, 3)
03:32:17 | DEBUG | [Episode 6 | Step 5] State=Observation(position=(3, 3), available_actions=[0, 1, 2, 3, 4, 5, 6, 7]) | Action=5
03:32:17 | INFO | [Ep 6 | Step 5] Position=(4, 2)
03:32:17 | DEBUG | [Episode 6 | Step 6] State=Observation(position=(4, 2), available_actions=[0, 1, 2, 3, 4, 5, 6, 7]) | Action=0
03:32:17 | INFO | [Ep 6 | Step 6] Position=(4, 1)
03:32:18 | DEBUG | [Episode 6 | Step 7] State=Observation(position=(4, 1), available_actions=[0, 1, 2, 3, 4, 5, 6, 7]) | Action=5
03:32:18 | INFO | [Ep 6 | Step 7] Position=(5, 0)
03:32:18 | DEBUG | [Episode 6 | Step 8] State=Observation(position=(5, 0), available_actions=[1, 2, 3, 6, 7]) | Action=7
03:32:18 | INFO | [Ep 6 | Step 8] Position=(6, 1)
03:32:18 | DEBUG | [Episode 6 | Step 9] State=Observation(position=(6, 1), available_actions=[0, 1, 2, 3, 4, 5, 6, 7]) | Action=7
03:32:18 | INFO | [Ep 6 | Step 9] Position=(7, 2)
03:32:18 | INFO | === Episode 6 finished ===
03:32:18 | INFO | === Episode 7 started ===
03:32:18 | DEBUG | [Episode 7 | Step 0] State=Observation(position=(1, 1), available_actions=[0, 1, 2, 3, 4, 5, 6, 7]) | Action=2
03:32:18 | INFO | [Ep 7 | Step 0] Position=(0, 1)
03:32:19 | DEBUG | [Episode 7 | Step 1] State=Observation(position=(0, 1), available_actions=[0, 1, 3, 5, 7]) | Action=5
03:32:19 | INFO | [Ep 7 | Step 1] Position=(1, 0)
03:32:19 | DEBUG | [Episode 7 | Step 2] State=Observation(position=(1, 0), available_actions=[1, 2, 3, 6, 7]) | Action=2
03:32:19 | INFO | [Ep 7 | Step 2] Position=(0, 0)
03:32:19 | DEBUG | [Episode 7 | Step 3] State=Observation(position=(0, 0), available_actions=[1, 3, 7]) | Action=7
03:32:19 | INFO | [Ep 7 | Step 3] Position=(1, 1)
03:32:20 | DEBUG | [Episode 7 | Step 4] State=Observation(position=(1, 1), available_actions=[0, 1, 2, 3, 4, 5, 6, 7]) | Action=1
03:32:20 | INFO | [Ep 7 | Step 4] Position=(1, 2)
03:32:20 | DEBUG | [Episode 7 | Step 5] State=Observation(position=(1, 2), available_actions=[0, 1, 2, 3, 4, 5, 6, 7]) | Action=7
03:32:20 | INFO | [Ep 7 | Step 5] Position=(2, 3)
03:32:20 | DEBUG | [Episode 7 | Step 6] State=Observation(position=(2, 3), available_actions=[0, 1, 2, 3, 4, 5, 6, 7]) | Action=2
03:32:20 | INFO | [Ep 7 | Step 6] Position=(1, 3)
03:32:20 | DEBUG | [Episode 7 | Step 7] State=Observation(position=(1, 3), available_actions=[0, 1, 2, 3, 4, 5, 6, 7]) | Action=5
03:32:20 | INFO | [Ep 7 | Step 7] Position=(2, 2)
03:32:21 | DEBUG | [Episode 7 | Step 8] State=Observation(position=(2, 2), available_actions=[0, 1, 2, 3, 4, 5, 6, 7]) | Action=1
03:32:21 | INFO | [Ep 7 | Step 8] Position=(2, 3)
03:32:21 | DEBUG | [Episode 7 | Step 9] State=Observation(position=(2, 3), available_actions=[0, 1, 2, 3, 4, 5, 6, 7]) | Action=6
03:32:21 | INFO | [Ep 7 | Step 9] Position=(1, 4)
03:32:21 | INFO | === Episode 7 finished ===
03:32:21 | INFO | === Episode 8 started ===
03:32:21 | DEBUG | [Episode 8 | Step 0] State=Observation(position=(1, 1), available_actions=[0, 1, 2, 3, 4, 5, 6, 7]) | Action=4
03:32:21 | INFO | [Ep 8 | Step 0] Position=(0, 0)
03:32:21 | DEBUG | [Episode 8 | Step 1] State=Observation(position=(0, 0), available_actions=[1, 3, 7]) | Action=3
03:32:21 | INFO | [Ep 8 | Step 1] Position=(1, 0)
03:32:22 | DEBUG | [Episode 8 | Step 2] State=Observation(position=(1, 0), available_actions=[1, 2, 3, 6, 7]) | Action=2
03:32:22 | INFO | [Ep 8 | Step 2] Position=(0, 0)
03:32:22 | DEBUG | [Episode 8 | Step 3] State=Observation(position=(0, 0), available_actions=[1, 3, 7]) | Action=1
03:32:22 | INFO | [Ep 8 | Step 3] Position=(0, 1)
03:32:22 | DEBUG | [Episode 8 | Step 4] State=Observation(position=(0, 1), available_actions=[0, 1, 3, 5, 7]) | Action=1
03:32:22 | INFO | [Ep 8 | Step 4] Position=(0, 2)
03:32:22 | DEBUG | [Episode 8 | Step 5] State=Observation(position=(0, 2), available_actions=[0, 1, 3, 5, 7]) | Action=3
03:32:22 | INFO | [Ep 8 | Step 5] Position=(1, 2)
03:32:22 | DEBUG | [Episode 8 | Step 6] State=Observation(position=(1, 2), available_actions=[0, 1, 2, 3, 4, 5, 6, 7]) | Action=5
03:32:22 | INFO | [Ep 8 | Step 6] Position=(2, 1)
03:32:23 | DEBUG | [Episode 8 | Step 7] State=Observation(position=(2, 1), available_actions=[0, 1, 2, 3, 4, 5, 6, 7]) | Action=3
03:32:23 | INFO | [Ep 8 | Step 7] Position=(3, 1)
03:32:23 | DEBUG | [Episode 8 | Step 8] State=Observation(position=(3, 1), available_actions=[0, 1, 2, 3, 4, 5, 6, 7]) | Action=0
03:32:23 | INFO | [Ep 8 | Step 8] Position=(3, 0)
03:32:23 | DEBUG | [Episode 8 | Step 9] State=Observation(position=(3, 0), available_actions=[1, 2, 3, 6, 7]) | Action=1
03:32:23 | INFO | [Ep 8 | Step 9] Position=(3, 1)
03:32:24 | INFO | === Episode 8 finished ===
03:32:24 | INFO | === Episode 9 started ===
03:32:24 | DEBUG | [Episode 9 | Step 0] State=Observation(position=(1, 1), available_actions=[0, 1, 2, 3, 4, 5, 6, 7]) | Action=5
03:32:24 | INFO | [Ep 9 | Step 0] Position=(2, 0)
03:32:24 | DEBUG | [Episode 9 | Step 1] State=Observation(position=(2, 0), available_actions=[1, 2, 3, 6, 7]) | Action=6
03:32:24 | INFO | [Ep 9 | Step 1] Position=(1, 1)
03:32:24 | DEBUG | [Episode 9 | Step 2] State=Observation(position=(1, 1), available_actions=[0, 1, 2, 3, 4, 5, 6, 7]) | Action=3
03:32:24 | INFO | [Ep 9 | Step 2] Position=(2, 1)
03:32:24 | DEBUG | [Episode 9 | Step 3] State=Observation(position=(2, 1), available_actions=[0, 1, 2, 3, 4, 5, 6, 7]) | Action=1
03:32:24 | INFO | [Ep 9 | Step 3] Position=(2, 2)
03:32:25 | DEBUG | [Episode 9 | Step 4] State=Observation(position=(2, 2), available_actions=[0, 1, 2, 3, 4, 5, 6, 7]) | Action=3
03:32:25 | INFO | [Ep 9 | Step 4] Position=(3, 2)
03:32:25 | DEBUG | [Episode 9 | Step 5] State=Observation(position=(3, 2), available_actions=[0, 1, 2, 3, 4, 5, 6, 7]) | Action=0
03:32:25 | INFO | [Ep 9 | Step 5] Position=(3, 1)
03:32:25 | DEBUG | [Episode 9 | Step 6] State=Observation(position=(3, 1), available_actions=[0, 1, 2, 3, 4, 5, 6, 7]) | Action=6
03:32:25 | INFO | [Ep 9 | Step 6] Position=(2, 2)
03:32:25 | DEBUG | [Episode 9 | Step 7] State=Observation(position=(2, 2), available_actions=[0, 1, 2, 3, 4, 5, 6, 7]) | Action=3
03:32:25 | INFO | [Ep 9 | Step 7] Position=(3, 2)
03:32:26 | DEBUG | [Episode 9 | Step 8] State=Observation(position=(3, 2), available_actions=[0, 1, 2, 3, 4, 5, 6, 7]) | Action=4
03:32:26 | INFO | [Ep 9 | Step 8] Position=(2, 1)
03:32:26 | DEBUG | [Episode 9 | Step 9] State=Observation(position=(2, 1), available_actions=[0, 1, 2, 3, 4, 5, 6, 7]) | Action=5
03:32:26 | INFO | [Ep 9 | Step 9] Position=(3, 0)
03:32:26 | INFO | === Episode 9 finished ===
03:32:26 | INFO | === Episode 10 started ===
03:32:26 | DEBUG | [Episode 10 | Step 0] State=Observation(position=(1, 1), available_actions=[0, 1, 2, 3, 4, 5, 6, 7]) | Action=7
03:32:26 | INFO | [Ep 10 | Step 0] Position=(2, 2)
03:32:27 | DEBUG | [Episode 10 | Step 1] State=Observation(position=(2, 2), available_actions=[0, 1, 2, 3, 4, 5, 6, 7]) | Action=3
03:32:27 | INFO | [Ep 10 | Step 1] Position=(3, 2)
03:32:27 | DEBUG | [Episode 10 | Step 2] State=Observation(position=(3, 2), available_actions=[0, 1, 2, 3, 4, 5, 6, 7]) | Action=7
03:32:27 | INFO | [Ep 10 | Step 2] Position=(4, 3)
03:32:27 | DEBUG | [Episode 10 | Step 3] State=Observation(position=(4, 3), available_actions=[0, 1, 2, 3, 4, 5, 6, 7]) | Action=4
03:32:27 | INFO | [Ep 10 | Step 3] Position=(3, 2)
03:32:27 | DEBUG | [Episode 10 | Step 4] State=Observation(position=(3, 2), available_actions=[0, 1, 2, 3, 4, 5, 6, 7]) | Action=6
03:32:27 | INFO | [Ep 10 | Step 4] Position=(2, 3)
03:32:28 | DEBUG | [Episode 10 | Step 5] State=Observation(position=(2, 3), available_actions=[0, 1, 2, 3, 4, 5, 6, 7]) | Action=4
03:32:28 | INFO | [Ep 10 | Step 5] Position=(1, 2)
03:32:28 | DEBUG | [Episode 10 | Step 6] State=Observation(position=(1, 2), available_actions=[0, 1, 2, 3, 4, 5, 6, 7]) | Action=5
03:32:28 | INFO | [Ep 10 | Step 6] Position=(2, 1)
03:32:28 | DEBUG | [Episode 10 | Step 7] State=Observation(position=(2, 1), available_actions=[0, 1, 2, 3, 4, 5, 6, 7]) | Action=4
03:32:28 | INFO | [Ep 10 | Step 7] Position=(1, 0)
03:32:29 | DEBUG | [Episode 10 | Step 8] State=Observation(position=(1, 0), available_actions=[1, 2, 3, 6, 7]) | Action=7
03:32:29 | INFO | [Ep 10 | Step 8] Position=(2, 1)
03:32:29 | DEBUG | [Episode 10 | Step 9] State=Observation(position=(2, 1), available_actions=[0, 1, 2, 3, 4, 5, 6, 7]) | Action=2
03:32:29 | INFO | [Ep 10 | Step 9] Position=(1, 1)
03:32:29 | INFO | === Episode 10 finished ===
03:32:29 | INFO | === Episode 11 started ===
03:32:29 | DEBUG | [Episode 11 | Step 0] State=Observation(position=(1, 1), available_actions=[0, 1, 2, 3, 4, 5, 6, 7]) | Action=5
03:32:29 | INFO | [Ep 11 | Step 0] Position=(2, 0)
03:32:30 | DEBUG | [Episode 11 | Step 1] State=Observation(position=(2, 0), available_actions=[1, 2, 3, 6, 7]) | Action=1
03:32:30 | INFO | [Ep 11 | Step 1] Position=(2, 1)
03:32:30 | DEBUG | [Episode 11 | Step 2] State=Observation(position=(2, 1), available_actions=[0, 1, 2, 3, 4, 5, 6, 7]) | Action=5
03:32:30 | INFO | [Ep 11 | Step 2] Position=(3, 0)
03:32:30 | DEBUG | [Episode 11 | Step 3] State=Observation(position=(3, 0), available_actions=[1, 2, 3, 6, 7]) | Action=6
03:32:30 | INFO | [Ep 11 | Step 3] Position=(2, 1)
03:32:31 | DEBUG | [Episode 11 | Step 4] State=Observation(position=(2, 1), available_actions=[0, 1, 2, 3, 4, 5, 6, 7]) | Action=0
03:32:31 | INFO | [Ep 11 | Step 4] Position=(2, 0)
03:32:31 | DEBUG | [Episode 11 | Step 5] State=Observation(position=(2, 0), available_actions=[1, 2, 3, 6, 7]) | Action=2
03:32:31 | INFO | [Ep 11 | Step 5] Position=(1, 0)
03:32:31 | DEBUG | [Episode 11 | Step 6] State=Observation(position=(1, 0), available_actions=[1, 2, 3, 6, 7]) | Action=1
03:32:31 | INFO | [Ep 11 | Step 6] Position=(1, 1)
03:32:31 | DEBUG | [Episode 11 | Step 7] State=Observation(position=(1, 1), available_actions=[0, 1, 2, 3, 4, 5, 6, 7]) | Action=1
03:32:31 | INFO | [Ep 11 | Step 7] Position=(1, 2)
03:32:32 | DEBUG | [Episode 11 | Step 8] State=Observation(position=(1, 2), available_actions=[0, 1, 2, 3, 4, 5, 6, 7]) | Action=5
03:32:32 | INFO | [Ep 11 | Step 8] Position=(2, 1)
03:32:32 | DEBUG | [Episode 11 | Step 9] State=Observation(position=(2, 1), available_actions=[0, 1, 2, 3, 4, 5, 6, 7]) | Action=3
03:32:32 | INFO | [Ep 11 | Step 9] Position=(3, 1)
03:32:32 | INFO | === Episode 11 finished ===
03:32:51 | INFO | Simulation started
03:32:51 | INFO | === Episode 1 started ===
03:32:51 | DEBUG | [Episode 1 | Step 0] State=Observation(position=(1, 1), available_actions=[0, 1, 2, 3, 4, 5, 6, 7]) | Action=5
03:32:51 | INFO | [Ep 1 | Step 0] Position=(2, 0)
03:32:52 | DEBUG | [Episode 1 | Step 1] State=Observation(position=(2, 0), available_actions=[1, 2, 3, 6, 7]) | Action=7
03:32:52 | INFO | [Ep 1 | Step 1] Position=(3, 1)
03:32:52 | DEBUG | [Episode 1 | Step 2] State=Observation(position=(3, 1), available_actions=[0, 1, 2, 3, 4, 5, 6, 7]) | Action=2
03:32:52 | INFO | [Ep 1 | Step 2] Position=(2, 1)
03:32:52 | DEBUG | [Episode 1 | Step 3] State=Observation(position=(2, 1), available_actions=[0, 1, 2, 3, 4, 5, 6, 7]) | Action=2
03:32:52 | INFO | [Ep 1 | Step 3] Position=(1, 1)
03:32:53 | DEBUG | [Episode 1 | Step 4] State=Observation(position=(1, 1), available_actions=[0, 1, 2, 3, 4, 5, 6, 7]) | Action=3
03:32:53 | INFO | [Ep 1 | Step 4] Position=(2, 1)
03:32:53 | DEBUG | [Episode 1 | Step 5] State=Observation(position=(2, 1), available_actions=[0, 1, 2, 3, 4, 5, 6, 7]) | Action=5
03:32:53 | INFO | [Ep 1 | Step 5] Position=(3, 0)
03:32:53 | DEBUG | [Episode 1 | Step 6] State=Observation(position=(3, 0), available_actions=[1, 2, 3, 6, 7]) | Action=1
03:32:53 | INFO | [Ep 1 | Step 6] Position=(3, 1)
03:32:53 | DEBUG | [Episode 1 | Step 7] State=Observation(position=(3, 1), available_actions=[0, 1, 2, 3, 4, 5, 6, 7]) | Action=3
03:32:53 | INFO | [Ep 1 | Step 7] Position=(4, 1)
03:32:54 | DEBUG | [Episode 1 | Step 8] State=Observation(position=(4, 1), available_actions=[0, 1, 2, 3, 4, 5, 6, 7]) | Action=7
03:32:54 | INFO | [Ep 1 | Step 8] Position=(5, 2)
03:32:54 | DEBUG | [Episode 1 | Step 9] State=Observation(position=(5, 2), available_actions=[0, 1, 2, 3, 4, 5, 6, 7]) | Action=5
03:32:54 | INFO | [Ep 1 | Step 9] Position=(6, 1)
03:32:54 | INFO | === Episode 1 finished ===
03:33:00 | INFO | Simulation finished
03:33:28 | INFO | Simulation started
03:33:28 | INFO | === Episode 1 started ===
03:33:28 | DEBUG | [Episode 1 | Step 0] State=Observation(position=(1, 1), available_actions=[0, 1, 2, 3, 4, 5, 6, 7]) | Action=5
03:33:28 | INFO | [Ep 1 | Step 0] Position=(2, 0)
03:33:28 | DEBUG | [Episode 1 | Step 1] State=Observation(position=(2, 0), available_actions=[1, 2, 3, 6, 7]) | Action=6
03:33:28 | INFO | [Ep 1 | Step 1] Position=(1, 1)
03:33:28 | DEBUG | [Episode 1 | Step 2] State=Observation(position=(1, 1), available_actions=[0, 1, 2, 3, 4, 5, 6, 7]) | Action=5
03:33:28 | INFO | [Ep 1 | Step 2] Position=(2, 0)
03:33:29 | DEBUG | [Episode 1 | Step 3] State=Observation(position=(2, 0), available_actions=[1, 2, 3, 6, 7]) | Action=1
03:33:29 | INFO | [Ep 1 | Step 3] Position=(2, 1)
03:33:29 | DEBUG | [Episode 1 | Step 4] State=Observation(position=(2, 1), available_actions=[0, 1, 2, 3, 4, 5, 6, 7]) | Action=1
03:33:29 | INFO | [Ep 1 | Step 4] Position=(2, 2)
03:33:29 | DEBUG | [Episode 1 | Step 5] State=Observation(position=(2, 2), available_actions=[0, 1, 2, 3, 4, 5, 6, 7]) | Action=4
03:33:29 | INFO | [Ep 1 | Step 5] Position=(1, 1)
03:33:29 | DEBUG | [Episode 1 | Step 6] State=Observation(position=(1, 1), available_actions=[0, 1, 2, 3, 4, 5, 6, 7]) | Action=1
03:33:29 | INFO | [Ep 1 | Step 6] Position=(1, 2)
03:33:30 | DEBUG | [Episode 1 | Step 7] State=Observation(position=(1, 2), available_actions=[0, 1, 2, 3, 4, 5, 6, 7]) | Action=7
03:33:30 | INFO | [Ep 1 | Step 7] Position=(2, 3)
03:33:30 | DEBUG | [Episode 1 | Step 8] State=Observation(position=(2, 3), available_actions=[0, 1, 2, 3, 4, 5, 6, 7]) | Action=2
03:33:30 | INFO | [Ep 1 | Step 8] Position=(1, 3)
03:33:30 | DEBUG | [Episode 1 | Step 9] State=Observation(position=(1, 3), available_actions=[0, 1, 2, 3, 4, 5, 6, 7]) | Action=2
03:33:30 | INFO | [Ep 1 | Step 9] Position=(0, 3)
03:33:30 | INFO | === Episode 1 finished ===
03:35:27 | INFO | Simulation started
03:35:27 | INFO | === Episode 1 started ===
03:35:27 | DEBUG | [Episode 1 | Step 0] State=Observation(position=(1, 1), available_actions=[0, 1, 2, 3, 4, 5, 6, 7]) | Action=1
03:35:27 | INFO | [Ep 1 | Step 0] Position=(1, 2)
03:35:27 | DEBUG | [Episode 1 | Step 1] State=Observation(position=(1, 2), available_actions=[0, 1, 2, 3, 4, 5, 6, 7]) | Action=6
03:35:27 | INFO | [Ep 1 | Step 1] Position=(0, 3)
03:35:27 | DEBUG | [Episode 1 | Step 2] State=Observation(position=(0, 3), available_actions=[0, 1, 3, 5, 7]) | Action=3
03:35:27 | INFO | [Ep 1 | Step 2] Position=(1, 3)
03:35:28 | DEBUG | [Episode 1 | Step 3] State=Observation(position=(1, 3), available_actions=[0, 1, 2, 3, 4, 5, 6, 7]) | Action=7
03:35:28 | INFO | [Ep 1 | Step 3] Position=(2, 4)
03:35:28 | DEBUG | [Episode 1 | Step 4] State=Observation(position=(2, 4), available_actions=[0, 1, 2, 3, 4, 5, 6, 7]) | Action=2
03:35:28 | INFO | [Ep 1 | Step 4] Position=(1, 4)
03:35:28 | DEBUG | [Episode 1 | Step 5] State=Observation(position=(1, 4), available_actions=[0, 1, 2, 3, 4, 5, 6, 7]) | Action=6
03:35:28 | INFO | [Ep 1 | Step 5] Position=(0, 5)
03:35:28 | DEBUG | [Episode 1 | Step 6] State=Observation(position=(0, 5), available_actions=[0, 1, 3, 5, 7]) | Action=7
03:35:28 | INFO | [Ep 1 | Step 6] Position=(1, 6)
03:35:29 | DEBUG | [Episode 1 | Step 7] State=Observation(position=(1, 6), available_actions=[0, 1, 2, 3, 4, 5, 6, 7]) | Action=1
03:35:29 | INFO | [Ep 1 | Step 7] Position=(1, 7)
03:35:29 | DEBUG | [Episode 1 | Step 8] State=Observation(position=(1, 7), available_actions=[0, 2, 3, 4, 5]) | Action=4
03:35:29 | INFO | [Ep 1 | Step 8] Position=(0, 6)
03:35:29 | DEBUG | [Episode 1 | Step 9] State=Observation(position=(0, 6), available_actions=[0, 1, 3, 5, 7]) | Action=5
03:35:29 | INFO | [Ep 1 | Step 9] Position=(1, 5)
03:35:29 | INFO | === Episode 1 finished ===
03:35:29 | INFO | === Episode 2 started ===
03:35:29 | DEBUG | [Episode 2 | Step 0] State=Observation(position=(1, 1), available_actions=[0, 1, 2, 3, 4, 5, 6, 7]) | Action=1
03:35:29 | INFO | [Ep 2 | Step 0] Position=(1, 2)
03:35:30 | DEBUG | [Episode 2 | Step 1] State=Observation(position=(1, 2), available_actions=[0, 1, 2, 3, 4, 5, 6, 7]) | Action=6
03:35:30 | INFO | [Ep 2 | Step 1] Position=(0, 3)
03:35:30 | DEBUG | [Episode 2 | Step 2] State=Observation(position=(0, 3), available_actions=[0, 1, 3, 5, 7]) | Action=0
03:35:30 | INFO | [Ep 2 | Step 2] Position=(0, 2)
03:35:30 | DEBUG | [Episode 2 | Step 3] State=Observation(position=(0, 2), available_actions=[0, 1, 3, 5, 7]) | Action=0
03:35:30 | INFO | [Ep 2 | Step 3] Position=(0, 1)
03:35:31 | DEBUG | [Episode 2 | Step 4] State=Observation(position=(0, 1), available_actions=[0, 1, 3, 5, 7]) | Action=1
03:35:31 | INFO | [Ep 2 | Step 4] Position=(0, 2)
03:35:31 | DEBUG | [Episode 2 | Step 5] State=Observation(position=(0, 2), available_actions=[0, 1, 3, 5, 7]) | Action=0
03:35:31 | INFO | [Ep 2 | Step 5] Position=(0, 1)
03:35:31 | DEBUG | [Episode 2 | Step 6] State=Observation(position=(0, 1), available_actions=[0, 1, 3, 5, 7]) | Action=5
03:35:31 | INFO | [Ep 2 | Step 6] Position=(1, 0)
03:35:31 | DEBUG | [Episode 2 | Step 7] State=Observation(position=(1, 0), available_actions=[1, 2, 3, 6, 7]) | Action=3
03:35:31 | INFO | [Ep 2 | Step 7] Position=(2, 0)
03:35:32 | DEBUG | [Episode 2 | Step 8] State=Observation(position=(2, 0), available_actions=[1, 2, 3, 6, 7]) | Action=1
03:35:32 | INFO | [Ep 2 | Step 8] Position=(2, 1)
03:35:32 | DEBUG | [Episode 2 | Step 9] State=Observation(position=(2, 1), available_actions=[0, 1, 2, 3, 4, 5, 6, 7]) | Action=3
03:35:32 | INFO | [Ep 2 | Step 9] Position=(3, 1)
03:35:32 | INFO | === Episode 2 finished ===
03:35:32 | INFO | === Episode 3 started ===
03:35:32 | DEBUG | [Episode 3 | Step 0] State=Observation(position=(1, 1), available_actions=[0, 1, 2, 3, 4, 5, 6, 7]) | Action=2
03:35:32 | INFO | [Ep 3 | Step 0] Position=(0, 1)
03:35:32 | DEBUG | [Episode 3 | Step 1] State=Observation(position=(0, 1), available_actions=[0, 1, 3, 5, 7]) | Action=3
03:35:32 | INFO | [Ep 3 | Step 1] Position=(1, 1)
03:35:33 | DEBUG | [Episode 3 | Step 2] State=Observation(position=(1, 1), available_actions=[0, 1, 2, 3, 4, 5, 6, 7]) | Action=3
03:35:33 | INFO | [Ep 3 | Step 2] Position=(2, 1)
03:35:33 | DEBUG | [Episode 3 | Step 3] State=Observation(position=(2, 1), available_actions=[0, 1, 2, 3, 4, 5, 6, 7]) | Action=5
03:35:33 | INFO | [Ep 3 | Step 3] Position=(3, 0)
03:35:33 | DEBUG | [Episode 3 | Step 4] State=Observation(position=(3, 0), available_actions=[1, 2, 3, 6, 7]) | Action=1
03:35:33 | INFO | [Ep 3 | Step 4] Position=(3, 1)
03:35:33 | DEBUG | [Episode 3 | Step 5] State=Observation(position=(3, 1), available_actions=[0, 1, 2, 3, 4, 5, 6, 7]) | Action=1
03:35:33 | INFO | [Ep 3 | Step 5] Position=(3, 2)
03:35:34 | DEBUG | [Episode 3 | Step 6] State=Observation(position=(3, 2), available_actions=[0, 1, 2, 3, 4, 5, 6, 7]) | Action=6
03:35:34 | INFO | [Ep 3 | Step 6] Position=(2, 3)
03:35:34 | DEBUG | [Episode 3 | Step 7] State=Observation(position=(2, 3), available_actions=[0, 1, 2, 3, 4, 5, 6, 7]) | Action=6
03:35:34 | INFO | [Ep 3 | Step 7] Position=(1, 4)
03:35:34 | DEBUG | [Episode 3 | Step 8] State=Observation(position=(1, 4), available_actions=[0, 1, 2, 3, 4, 5, 6, 7]) | Action=2
03:35:34 | INFO | [Ep 3 | Step 8] Position=(0, 4)
03:35:35 | DEBUG | [Episode 3 | Step 9] State=Observation(position=(0, 4), available_actions=[0, 1, 3, 5, 7]) | Action=5
03:35:35 | INFO | [Ep 3 | Step 9] Position=(1, 3)
03:35:35 | INFO | === Episode 3 finished ===
03:35:35 | INFO | === Episode 4 started ===
03:35:35 | DEBUG | [Episode 4 | Step 0] State=Observation(position=(1, 1), available_actions=[0, 1, 2, 3, 4, 5, 6, 7]) | Action=2
03:35:35 | INFO | [Ep 4 | Step 0] Position=(0, 1)
03:35:35 | DEBUG | [Episode 4 | Step 1] State=Observation(position=(0, 1), available_actions=[0, 1, 3, 5, 7]) | Action=1
03:35:35 | INFO | [Ep 4 | Step 1] Position=(0, 2)
03:35:35 | DEBUG | [Episode 4 | Step 2] State=Observation(position=(0, 2), available_actions=[0, 1, 3, 5, 7]) | Action=1
03:35:35 | INFO | [Ep 4 | Step 2] Position=(0, 3)
03:35:36 | DEBUG | [Episode 4 | Step 3] State=Observation(position=(0, 3), available_actions=[0, 1, 3, 5, 7]) | Action=0
03:35:36 | INFO | [Ep 4 | Step 3] Position=(0, 2)
03:35:36 | DEBUG | [Episode 4 | Step 4] State=Observation(position=(0, 2), available_actions=[0, 1, 3, 5, 7]) | Action=3
03:35:36 | INFO | [Ep 4 | Step 4] Position=(1, 2)
03:35:36 | DEBUG | [Episode 4 | Step 5] State=Observation(position=(1, 2), available_actions=[0, 1, 2, 3, 4, 5, 6, 7]) | Action=4
03:35:36 | INFO | [Ep 4 | Step 5] Position=(0, 1)
03:35:36 | DEBUG | [Episode 4 | Step 6] State=Observation(position=(0, 1), available_actions=[0, 1, 3, 5, 7]) | Action=0
03:35:36 | INFO | [Ep 4 | Step 6] Position=(0, 0)
03:35:37 | DEBUG | [Episode 4 | Step 7] State=Observation(position=(0, 0), available_actions=[1, 3, 7]) | Action=7
03:35:37 | INFO | [Ep 4 | Step 7] Position=(1, 1)
03:35:37 | DEBUG | [Episode 4 | Step 8] State=Observation(position=(1, 1), available_actions=[0, 1, 2, 3, 4, 5, 6, 7]) | Action=7
03:35:37 | INFO | [Ep 4 | Step 8] Position=(2, 2)
03:35:37 | DEBUG | [Episode 4 | Step 9] State=Observation(position=(2, 2), available_actions=[0, 1, 2, 3, 4, 5, 6, 7]) | Action=1
03:35:37 | INFO | [Ep 4 | Step 9] Position=(2, 3)
03:35:37 | INFO | === Episode 4 finished ===
03:35:37 | INFO | === Episode 5 started ===
03:35:37 | DEBUG | [Episode 5 | Step 0] State=Observation(position=(1, 1), available_actions=[0, 1, 2, 3, 4, 5, 6, 7]) | Action=7
03:35:37 | INFO | [Ep 5 | Step 0] Position=(2, 2)
03:35:38 | DEBUG | [Episode 5 | Step 1] State=Observation(position=(2, 2), available_actions=[0, 1, 2, 3, 4, 5, 6, 7]) | Action=5
03:35:38 | INFO | [Ep 5 | Step 1] Position=(3, 1)
03:35:38 | DEBUG | [Episode 5 | Step 2] State=Observation(position=(3, 1), available_actions=[0, 1, 2, 3, 4, 5, 6, 7]) | Action=2
03:35:38 | INFO | [Ep 5 | Step 2] Position=(2, 1)
03:35:38 | DEBUG | [Episode 5 | Step 3] State=Observation(position=(2, 1), available_actions=[0, 1, 2, 3, 4, 5, 6, 7]) | Action=6
03:35:38 | INFO | [Ep 5 | Step 3] Position=(1, 2)
03:35:38 | DEBUG | [Episode 5 | Step 4] State=Observation(position=(1, 2), available_actions=[0, 1, 2, 3, 4, 5, 6, 7]) | Action=1
03:35:38 | INFO | [Ep 5 | Step 4] Position=(1, 3)
03:35:39 | DEBUG | [Episode 5 | Step 5] State=Observation(position=(1, 3), available_actions=[0, 1, 2, 3, 4, 5, 6, 7]) | Action=2
03:35:39 | INFO | [Ep 5 | Step 5] Position=(0, 3)
03:35:39 | DEBUG | [Episode 5 | Step 6] State=Observation(position=(0, 3), available_actions=[0, 1, 3, 5, 7]) | Action=1
03:35:39 | INFO | [Ep 5 | Step 6] Position=(0, 4)
03:35:39 | DEBUG | [Episode 5 | Step 7] State=Observation(position=(0, 4), available_actions=[0, 1, 3, 5, 7]) | Action=0
03:35:39 | INFO | [Ep 5 | Step 7] Position=(0, 3)
03:35:39 | DEBUG | [Episode 5 | Step 8] State=Observation(position=(0, 3), available_actions=[0, 1, 3, 5, 7]) | Action=0
03:35:39 | INFO | [Ep 5 | Step 8] Position=(0, 2)
03:35:40 | DEBUG | [Episode 5 | Step 9] State=Observation(position=(0, 2), available_actions=[0, 1, 3, 5, 7]) | Action=5
03:35:40 | INFO | [Ep 5 | Step 9] Position=(1, 1)
03:35:40 | INFO | === Episode 5 finished ===
03:35:40 | INFO | === Episode 6 started ===
03:35:40 | DEBUG | [Episode 6 | Step 0] State=Observation(position=(1, 1), available_actions=[0, 1, 2, 3, 4, 5, 6, 7]) | Action=4
03:35:40 | INFO | [Ep 6 | Step 0] Position=(0, 0)
03:35:40 | DEBUG | [Episode 6 | Step 1] State=Observation(position=(0, 0), available_actions=[1, 3, 7]) | Action=7
03:35:40 | INFO | [Ep 6 | Step 1] Position=(1, 1)
03:35:40 | DEBUG | [Episode 6 | Step 2] State=Observation(position=(1, 1), available_actions=[0, 1, 2, 3, 4, 5, 6, 7]) | Action=7
03:35:40 | INFO | [Ep 6 | Step 2] Position=(2, 2)
03:35:41 | DEBUG | [Episode 6 | Step 3] State=Observation(position=(2, 2), available_actions=[0, 1, 2, 3, 4, 5, 6, 7]) | Action=7
03:35:41 | INFO | [Ep 6 | Step 3] Position=(3, 3)
03:35:41 | DEBUG | [Episode 6 | Step 4] State=Observation(position=(3, 3), available_actions=[0, 1, 2, 3, 4, 5, 6, 7]) | Action=6
03:35:41 | INFO | [Ep 6 | Step 4] Position=(2, 4)
03:35:41 | DEBUG | [Episode 6 | Step 5] State=Observation(position=(2, 4), available_actions=[0, 1, 2, 3, 4, 5, 6, 7]) | Action=7
03:35:41 | INFO | [Ep 6 | Step 5] Position=(3, 5)
03:35:41 | DEBUG | [Episode 6 | Step 6] State=Observation(position=(3, 5), available_actions=[0, 1, 2, 3, 4, 5, 6, 7]) | Action=7
03:35:41 | INFO | [Ep 6 | Step 6] Position=(4, 6)
03:35:42 | DEBUG | [Episode 6 | Step 7] State=Observation(position=(4, 6), available_actions=[0, 1, 2, 3, 4, 5, 6, 7]) | Action=7
03:35:42 | INFO | [Ep 6 | Step 7] Position=(5, 7)
03:35:42 | DEBUG | [Episode 6 | Step 8] State=Observation(position=(5, 7), available_actions=[0, 2, 3, 4, 5]) | Action=0
03:35:42 | INFO | [Ep 6 | Step 8] Position=(5, 6)
03:35:42 | DEBUG | [Episode 6 | Step 9] State=Observation(position=(5, 6), available_actions=[0, 1, 2, 3, 4, 5, 6, 7]) | Action=5
03:35:42 | INFO | [Ep 6 | Step 9] Position=(6, 5)
03:35:42 | INFO | === Episode 6 finished ===
03:35:42 | INFO | === Episode 7 started ===
03:35:42 | DEBUG | [Episode 7 | Step 0] State=Observation(position=(1, 1), available_actions=[0, 1, 2, 3, 4, 5, 6, 7]) | Action=3
03:35:42 | INFO | [Ep 7 | Step 0] Position=(2, 1)
03:35:43 | DEBUG | [Episode 7 | Step 1] State=Observation(position=(2, 1), available_actions=[0, 1, 2, 3, 4, 5, 6, 7]) | Action=3
03:35:43 | INFO | [Ep 7 | Step 1] Position=(3, 1)
03:35:43 | DEBUG | [Episode 7 | Step 2] State=Observation(position=(3, 1), available_actions=[0, 1, 2, 3, 4, 5, 6, 7]) | Action=5
03:35:43 | INFO | [Ep 7 | Step 2] Position=(4, 0)
03:35:43 | DEBUG | [Episode 7 | Step 3] State=Observation(position=(4, 0), available_actions=[1, 2, 3, 6, 7]) | Action=1
03:35:43 | INFO | [Ep 7 | Step 3] Position=(4, 1)
03:35:43 | DEBUG | [Episode 7 | Step 4] State=Observation(position=(4, 1), available_actions=[0, 1, 2, 3, 4, 5, 6, 7]) | Action=6
03:35:43 | INFO | [Ep 7 | Step 4] Position=(3, 2)
03:35:44 | DEBUG | [Episode 7 | Step 5] State=Observation(position=(3, 2), available_actions=[0, 1, 2, 3, 4, 5, 6, 7]) | Action=4
03:35:44 | INFO | [Ep 7 | Step 5] Position=(2, 1)
03:35:44 | DEBUG | [Episode 7 | Step 6] State=Observation(position=(2, 1), available_actions=[0, 1, 2, 3, 4, 5, 6, 7]) | Action=2
03:35:44 | INFO | [Ep 7 | Step 6] Position=(1, 1)
03:35:44 | DEBUG | [Episode 7 | Step 7] State=Observation(position=(1, 1), available_actions=[0, 1, 2, 3, 4, 5, 6, 7]) | Action=2
03:35:44 | INFO | [Ep 7 | Step 7] Position=(0, 1)
03:35:44 | DEBUG | [Episode 7 | Step 8] State=Observation(position=(0, 1), available_actions=[0, 1, 3, 5, 7]) | Action=7
03:35:44 | INFO | [Ep 7 | Step 8] Position=(1, 2)
03:35:45 | DEBUG | [Episode 7 | Step 9] State=Observation(position=(1, 2), available_actions=[0, 1, 2, 3, 4, 5, 6, 7]) | Action=7
03:35:45 | INFO | [Ep 7 | Step 9] Position=(2, 3)
03:35:45 | INFO | === Episode 7 finished ===
03:35:45 | INFO | === Episode 8 started ===
03:35:45 | DEBUG | [Episode 8 | Step 0] State=Observation(position=(1, 1), available_actions=[0, 1, 2, 3, 4, 5, 6, 7]) | Action=4
03:35:45 | INFO | [Ep 8 | Step 0] Position=(0, 0)
03:35:45 | DEBUG | [Episode 8 | Step 1] State=Observation(position=(0, 0), available_actions=[1, 3, 7]) | Action=3
03:35:45 | INFO | [Ep 8 | Step 1] Position=(1, 0)
03:35:45 | DEBUG | [Episode 8 | Step 2] State=Observation(position=(1, 0), available_actions=[1, 2, 3, 6, 7]) | Action=7
03:35:45 | INFO | [Ep 8 | Step 2] Position=(2, 1)
03:35:46 | DEBUG | [Episode 8 | Step 3] State=Observation(position=(2, 1), available_actions=[0, 1, 2, 3, 4, 5, 6, 7]) | Action=6
03:35:46 | INFO | [Ep 8 | Step 3] Position=(1, 2)
03:35:46 | DEBUG | [Episode 8 | Step 4] State=Observation(position=(1, 2), available_actions=[0, 1, 2, 3, 4, 5, 6, 7]) | Action=4
03:35:46 | INFO | [Ep 8 | Step 4] Position=(0, 1)
03:35:46 | DEBUG | [Episode 8 | Step 5] State=Observation(position=(0, 1), available_actions=[0, 1, 3, 5, 7]) | Action=3
03:35:46 | INFO | [Ep 8 | Step 5] Position=(1, 1)
03:35:46 | DEBUG | [Episode 8 | Step 6] State=Observation(position=(1, 1), available_actions=[0, 1, 2, 3, 4, 5, 6, 7]) | Action=3
03:35:46 | INFO | [Ep 8 | Step 6] Position=(2, 1)
03:35:47 | DEBUG | [Episode 8 | Step 7] State=Observation(position=(2, 1), available_actions=[0, 1, 2, 3, 4, 5, 6, 7]) | Action=2
03:35:47 | INFO | [Ep 8 | Step 7] Position=(1, 1)
03:35:47 | DEBUG | [Episode 8 | Step 8] State=Observation(position=(1, 1), available_actions=[0, 1, 2, 3, 4, 5, 6, 7]) | Action=6
03:35:47 | INFO | [Ep 8 | Step 8] Position=(0, 2)
03:35:47 | DEBUG | [Episode 8 | Step 9] State=Observation(position=(0, 2), available_actions=[0, 1, 3, 5, 7]) | Action=1
03:35:47 | INFO | [Ep 8 | Step 9] Position=(0, 3)
03:35:48 | INFO | === Episode 8 finished ===
03:35:48 | INFO | === Episode 9 started ===
03:35:48 | DEBUG | [Episode 9 | Step 0] State=Observation(position=(1, 1), available_actions=[0, 1, 2, 3, 4, 5, 6, 7]) | Action=6
03:35:48 | INFO | [Ep 9 | Step 0] Position=(0, 2)
03:35:48 | DEBUG | [Episode 9 | Step 1] State=Observation(position=(0, 2), available_actions=[0, 1, 3, 5, 7]) | Action=3
03:35:48 | INFO | [Ep 9 | Step 1] Position=(1, 2)
03:35:48 | DEBUG | [Episode 9 | Step 2] State=Observation(position=(1, 2), available_actions=[0, 1, 2, 3, 4, 5, 6, 7]) | Action=4
03:35:48 | INFO | [Ep 9 | Step 2] Position=(0, 1)
03:35:48 | DEBUG | [Episode 9 | Step 3] State=Observation(position=(0, 1), available_actions=[0, 1, 3, 5, 7]) | Action=1
03:35:48 | INFO | [Ep 9 | Step 3] Position=(0, 2)
03:35:49 | DEBUG | [Episode 9 | Step 4] State=Observation(position=(0, 2), available_actions=[0, 1, 3, 5, 7]) | Action=3
03:35:49 | INFO | [Ep 9 | Step 4] Position=(1, 2)
03:35:49 | DEBUG | [Episode 9 | Step 5] State=Observation(position=(1, 2), available_actions=[0, 1, 2, 3, 4, 5, 6, 7]) | Action=3
03:35:49 | INFO | [Ep 9 | Step 5] Position=(2, 2)
03:35:49 | DEBUG | [Episode 9 | Step 6] State=Observation(position=(2, 2), available_actions=[0, 1, 2, 3, 4, 5, 6, 7]) | Action=3
03:35:49 | INFO | [Ep 9 | Step 6] Position=(3, 2)
03:35:50 | DEBUG | [Episode 9 | Step 7] State=Observation(position=(3, 2), available_actions=[0, 1, 2, 3, 4, 5, 6, 7]) | Action=2
03:35:50 | INFO | [Ep 9 | Step 7] Position=(2, 2)
03:35:50 | DEBUG | [Episode 9 | Step 8] State=Observation(position=(2, 2), available_actions=[0, 1, 2, 3, 4, 5, 6, 7]) | Action=2
03:35:50 | INFO | [Ep 9 | Step 8] Position=(1, 2)
03:35:50 | DEBUG | [Episode 9 | Step 9] State=Observation(position=(1, 2), available_actions=[0, 1, 2, 3, 4, 5, 6, 7]) | Action=0
03:35:50 | INFO | [Ep 9 | Step 9] Position=(1, 1)
03:35:50 | INFO | === Episode 9 finished ===
03:35:50 | INFO | === Episode 10 started ===
03:35:50 | DEBUG | [Episode 10 | Step 0] State=Observation(position=(1, 1), available_actions=[0, 1, 2, 3, 4, 5, 6, 7]) | Action=7
03:35:50 | INFO | [Ep 10 | Step 0] Position=(2, 2)
03:35:51 | DEBUG | [Episode 10 | Step 1] State=Observation(position=(2, 2), available_actions=[0, 1, 2, 3, 4, 5, 6, 7]) | Action=4
03:35:51 | INFO | [Ep 10 | Step 1] Position=(1, 1)
03:35:51 | DEBUG | [Episode 10 | Step 2] State=Observation(position=(1, 1), available_actions=[0, 1, 2, 3, 4, 5, 6, 7]) | Action=1
03:35:51 | INFO | [Ep 10 | Step 2] Position=(1, 2)
03:35:51 | DEBUG | [Episode 10 | Step 3] State=Observation(position=(1, 2), available_actions=[0, 1, 2, 3, 4, 5, 6, 7]) | Action=5
03:35:51 | INFO | [Ep 10 | Step 3] Position=(2, 1)
03:35:51 | DEBUG | [Episode 10 | Step 4] State=Observation(position=(2, 1), available_actions=[0, 1, 2, 3, 4, 5, 6, 7]) | Action=4
03:35:51 | INFO | [Ep 10 | Step 4] Position=(1, 0)
03:35:52 | DEBUG | [Episode 10 | Step 5] State=Observation(position=(1, 0), available_actions=[1, 2, 3, 6, 7]) | Action=2
03:35:52 | INFO | [Ep 10 | Step 5] Position=(0, 0)
03:35:52 | DEBUG | [Episode 10 | Step 6] State=Observation(position=(0, 0), available_actions=[1, 3, 7]) | Action=1
03:35:52 | INFO | [Ep 10 | Step 6] Position=(0, 1)
03:35:52 | DEBUG | [Episode 10 | Step 7] State=Observation(position=(0, 1), available_actions=[0, 1, 3, 5, 7]) | Action=3
03:35:52 | INFO | [Ep 10 | Step 7] Position=(1, 1)
03:35:53 | DEBUG | [Episode 10 | Step 8] State=Observation(position=(1, 1), available_actions=[0, 1, 2, 3, 4, 5, 6, 7]) | Action=4
03:35:53 | INFO | [Ep 10 | Step 8] Position=(0, 0)
03:35:53 | DEBUG | [Episode 10 | Step 9] State=Observation(position=(0, 0), available_actions=[1, 3, 7]) | Action=3
03:35:53 | INFO | [Ep 10 | Step 9] Position=(1, 0)
03:35:53 | INFO | === Episode 10 finished ===
03:35:53 | INFO | === Episode 11 started ===
03:35:53 | DEBUG | [Episode 11 | Step 0] State=Observation(position=(1, 1), available_actions=[0, 1, 2, 3, 4, 5, 6, 7]) | Action=0
03:35:53 | INFO | [Ep 11 | Step 0] Position=(1, 0)
03:35:53 | DEBUG | [Episode 11 | Step 1] State=Observation(position=(1, 0), available_actions=[1, 2, 3, 6, 7]) | Action=1
03:35:53 | INFO | [Ep 11 | Step 1] Position=(1, 1)
03:35:54 | DEBUG | [Episode 11 | Step 2] State=Observation(position=(1, 1), available_actions=[0, 1, 2, 3, 4, 5, 6, 7]) | Action=6
03:35:54 | INFO | [Ep 11 | Step 2] Position=(0, 2)
03:35:54 | DEBUG | [Episode 11 | Step 3] State=Observation(position=(0, 2), available_actions=[0, 1, 3, 5, 7]) | Action=5
03:35:54 | INFO | [Ep 11 | Step 3] Position=(1, 1)
03:35:54 | DEBUG | [Episode 11 | Step 4] State=Observation(position=(1, 1), available_actions=[0, 1, 2, 3, 4, 5, 6, 7]) | Action=0
03:35:54 | INFO | [Ep 11 | Step 4] Position=(1, 0)
03:35:54 | DEBUG | [Episode 11 | Step 5] State=Observation(position=(1, 0), available_actions=[1, 2, 3, 6, 7]) | Action=7
03:35:54 | INFO | [Ep 11 | Step 5] Position=(2, 1)
03:35:55 | DEBUG | [Episode 11 | Step 6] State=Observation(position=(2, 1), available_actions=[0, 1, 2, 3, 4, 5, 6, 7]) | Action=5
03:35:55 | INFO | [Ep 11 | Step 6] Position=(3, 0)
03:35:55 | DEBUG | [Episode 11 | Step 7] State=Observation(position=(3, 0), available_actions=[1, 2, 3, 6, 7]) | Action=7
03:35:55 | INFO | [Ep 11 | Step 7] Position=(4, 1)
03:35:55 | DEBUG | [Episode 11 | Step 8] State=Observation(position=(4, 1), available_actions=[0, 1, 2, 3, 4, 5, 6, 7]) | Action=0
03:35:55 | INFO | [Ep 11 | Step 8] Position=(4, 0)
03:35:55 | DEBUG | [Episode 11 | Step 9] State=Observation(position=(4, 0), available_actions=[1, 2, 3, 6, 7]) | Action=3
03:35:55 | INFO | [Ep 11 | Step 9] Position=(5, 0)
03:35:56 | INFO | === Episode 11 finished ===
